0 info it worked if it ends with ok
1 verbose cli [ '/nix/store/ajr6i77s89gjfjm59aazc16b5rvb39n7-nodejs-4.3.1/bin/node',
1 verbose cli   '/mnt/shared/sbin/npm',
1 verbose cli   'install',
1 verbose cli   '-g',
1 verbose cli   'n' ]
2 info using npm@2.14.12
3 info using node@v4.3.1
4 verbose install initial load of /nix/store/ajr6i77s89gjfjm59aazc16b5rvb39n7-nodejs-4.3.1/lib/package.json
5 verbose readDependencies loading dependencies from /nix/store/ajr6i77s89gjfjm59aazc16b5rvb39n7-nodejs-4.3.1/lib/package.json
6 silly cache add args [ 'n', null ]
7 verbose cache add spec n
8 silly cache add parsed spec Result {
8 silly cache add   raw: 'n',
8 silly cache add   scope: null,
8 silly cache add   name: 'n',
8 silly cache add   rawSpec: '',
8 silly cache add   spec: 'latest',
8 silly cache add   type: 'tag' }
9 silly addNamed n@latest
10 verbose addNamed "latest" is being treated as a dist-tag for n
11 info addNameTag [ 'n', 'latest' ]
12 silly mapToRegistry name n
13 silly mapToRegistry using default registry
14 silly mapToRegistry registry https://registry.npmjs.org/
15 silly mapToRegistry uri https://registry.npmjs.org/n
16 verbose addNameTag registry:https://registry.npmjs.org/n not in flight; fetching
17 verbose request uri https://registry.npmjs.org/n
18 verbose request no auth needed
19 info attempt registry request try #1 at 03:04:29
20 verbose request id e7bd575f2b48fffe
21 http request GET https://registry.npmjs.org/n
22 http 200 https://registry.npmjs.org/n
23 verbose headers { date: 'Thu, 28 Jun 2018 03:04:29 GMT',
23 verbose headers   'content-type': 'application/json; charset=UTF-8',
23 verbose headers   'transfer-encoding': 'chunked',
23 verbose headers   connection: 'keep-alive',
23 verbose headers   'set-cookie': [ '__cfduid=d21416d40ac316b969499897e0a3e15a51530155069; expires=Fri, 28-Jun-19 03:04:29 GMT; path=/; domain=.registry.npmjs.org; HttpOnly' ],
23 verbose headers   'cache-control': 'max-age=300',
23 verbose headers   'cf-cache-status': 'HIT',
23 verbose headers   'cf-ray': '431ced21c80755ee-ORD',
23 verbose headers   etag: 'W/"a32b2b3f2025635b37d588f9f3078ae1"',
23 verbose headers   'expect-ct': 'max-age=604800, report-uri="https://report-uri.cloudflare.com/cdn-cgi/beacon/expect-ct"',
23 verbose headers   'last-modified': 'Mon, 11 Jun 2018 18:07:59 GMT',
23 verbose headers   vary: 'accept-encoding, accept',
23 verbose headers   server: 'cloudflare',
23 verbose headers   'content-encoding': 'gzip' }
24 silly get cb [ 200,
24 silly get   { date: 'Thu, 28 Jun 2018 03:04:29 GMT',
24 silly get     'content-type': 'application/json; charset=UTF-8',
24 silly get     'transfer-encoding': 'chunked',
24 silly get     connection: 'keep-alive',
24 silly get     'set-cookie': [ '__cfduid=d21416d40ac316b969499897e0a3e15a51530155069; expires=Fri, 28-Jun-19 03:04:29 GMT; path=/; domain=.registry.npmjs.org; HttpOnly' ],
24 silly get     'cache-control': 'max-age=300',
24 silly get     'cf-cache-status': 'HIT',
24 silly get     'cf-ray': '431ced21c80755ee-ORD',
24 silly get     etag: 'W/"a32b2b3f2025635b37d588f9f3078ae1"',
24 silly get     'expect-ct': 'max-age=604800, report-uri="https://report-uri.cloudflare.com/cdn-cgi/beacon/expect-ct"',
24 silly get     'last-modified': 'Mon, 11 Jun 2018 18:07:59 GMT',
24 silly get     vary: 'accept-encoding, accept',
24 silly get     server: 'cloudflare',
24 silly get     'content-encoding': 'gzip' } ]
25 verbose get saving n to /home/ubuntu/.npm/registry.npmjs.org/n/.cache.json
26 verbose makeDirectory /home/ubuntu/.npm creation not in flight; initializing
27 silly makeDirectory /home/ubuntu/.npm uid: 1000 gid: 1000
28 silly addNameTag next cb for n with tag latest
29 silly addNamed n@2.1.12
30 verbose addNamed "2.1.12" is a plain semver version for n
31 silly mapToRegistry name n
32 silly mapToRegistry using default registry
33 silly mapToRegistry registry https://registry.npmjs.org/
34 silly mapToRegistry uri https://registry.npmjs.org/n
35 verbose addRemoteTarball https://registry.npmjs.org/n/-/n-2.1.12.tgz not in flight; adding
36 verbose addRemoteTarball [ 'https://registry.npmjs.org/n/-/n-2.1.12.tgz',
36 verbose addRemoteTarball   '7bca5e103bfe3632d4c1a70dfaf9ecf774c18aed' ]
37 info retry fetch attempt 1 at 03:04:29
38 info attempt registry request try #1 at 03:04:29
39 http fetch GET https://registry.npmjs.org/n/-/n-2.1.12.tgz
40 http fetch 200 https://registry.npmjs.org/n/-/n-2.1.12.tgz
41 silly fetchAndShaCheck shasum 7bca5e103bfe3632d4c1a70dfaf9ecf774c18aed
42 verbose addTmpTarball /tmp/npm-2904-05ee1d2d/registry.npmjs.org/n/-/n-2.1.12.tgz not in flight; adding
43 verbose addTmpTarball already have metadata; skipping unpack for n@2.1.12
44 silly cache afterAdd n@2.1.12
45 verbose afterAdd /home/ubuntu/.npm/n/2.1.12/package/package.json not in flight; writing
46 verbose afterAdd /home/ubuntu/.npm/n/2.1.12/package/package.json written
47 silly install resolved [ { name: 'n',
47 silly install resolved     description: 'Interactively Manage All Your Node Versions',
47 silly install resolved     version: '2.1.12',
47 silly install resolved     author: { name: 'TJ Holowaychuk', email: 'tj@vision-media.ca' },
47 silly install resolved     homepage: 'https://github.com/tj/n',
47 silly install resolved     bugs: { url: 'https://github.com/tj/n/issues' },
47 silly install resolved     contributors: [ [Object], [Object], [Object] ],
47 silly install resolved     keywords:
47 silly install resolved      [ 'nvm',
47 silly install resolved        'node',
47 silly install resolved        'version',
47 silly install resolved        'manager',
47 silly install resolved        'switcher',
47 silly install resolved        'node',
47 silly install resolved        'binary',
47 silly install resolved        'env' ],
47 silly install resolved     bin: { n: './bin/n' },
47 silly install resolved     repository: { type: 'git', url: 'git://github.com/tj/n.git' },
47 silly install resolved     preferGlobal: true,
47 silly install resolved     os: [ '!win32' ],
47 silly install resolved     engines: { node: '*' },
47 silly install resolved     license: 'MIT',
47 silly install resolved     gitHead: '8ad6cd3bc76fc674f7faf3d8cf2f4d6e7d1849c3',
47 silly install resolved     _id: 'n@2.1.12',
47 silly install resolved     _npmVersion: '6.0.1',
47 silly install resolved     _nodeVersion: '8.11.2',
47 silly install resolved     _npmUser: { name: 'troy0820', email: 'troy0820@gmail.com' },
47 silly install resolved     dist:
47 silly install resolved      { integrity: 'sha512-LbdmVo3utWB0njvNAsEHZxMesZmUBOH54VOzGpywqi03huCmi0bsSyigKCLrBxlnvlcz4Nahwt342f6w9YU3Cg==',
47 silly install resolved        shasum: '7bca5e103bfe3632d4c1a70dfaf9ecf774c18aed',
47 silly install resolved        tarball: 'https://registry.npmjs.org/n/-/n-2.1.12.tgz',
47 silly install resolved        fileCount: 7,
47 silly install resolved        unpackedSize: 30247,
47 silly install resolved        'npm-signature': '-----BEGIN PGP SIGNATURE-----\r\nVersion: OpenPGP.js v3.0.4\r\nComment: https://openpgpjs.org\r\n\r\nwsFcBAEBCAAQBQJbHrp7CRA9TVsSAnZWagAAB1sP/3rWkLGMALGKzwjTPOKg\nVTqCSUL3Az1ihVlgplTvMLauz3xNo7eu6NfDDWotQGm2S/CYT4s5cC++xK/r\nF92PvMFIdnI+YSHZTdLvZpryOvyhHMh5NYM3ARhIt3YIC7nOkTVFVa1XkuUI\n0sp+vmIZrUZvzIEihVwHVxb5INxZVMh8NB6WZxVstRNmOl0/SgnSK2NLM1qy\nr7pgMjJWICF42ltXwVlRKaqCKeRpNJAvSMxBHaDFbKgmoXd37d7BsDc/qv0+\nQJZ2oHyKInimnUxKfY6pw702SyoQKsZvWflkTlVxjEMOjjRpXRKERFiWrRTH\nxEuQ7Jz7SsMRERJetsTpKPnS+OTyxioXtJmod4+Qy2AV6LS7q+h5NxLEzli8\nLdlbJP0MTJECJryeAl0OJbInoybp3MBmyAZ045TUbqwS/nzQtxNuEAJXHiqK\nYDtoFQjASiAAkjavrdb9yXiuyPPDK4HTvhlD3vTnr29dpxTUSAauvZ+a8E/Z\n+iNRw2NrZuor97NJ9Eltt80GWYgsCNACQGcfYk+7BS7YsAmco/KCSYH7TjVT\nnX7r1FjkHCmLnkkveJvsyEY3E8xTc4/e7YCkJIdXBTNZUgMDUWFqzB8lIA5y\noMIfkxiTchZpY8m6jSmPta/UZU4LyixYnmYslLSNPhj7KSidOtP3peKowy9D\nAW+0\r\n=Tct9\r\n-----END PGP SIGNATURE-----\r\n' },
47 silly install resolved     maintainers: [ [Object], [Object], [Object], [Object], [Object], [Object] ],
47 silly install resolved     directories: {},
47 silly install resolved     _npmOperationalInternal:
47 silly install resolved      { host: 's3://npm-registry-packages',
47 silly install resolved        tmp: 'tmp/n_2.1.12_1528740474170_0.4363494946487372' },
47 silly install resolved     _shasum: '7bca5e103bfe3632d4c1a70dfaf9ecf774c18aed',
47 silly install resolved     _resolved: 'https://registry.npmjs.org/n/-/n-2.1.12.tgz',
47 silly install resolved     _from: 'n@latest' } ]
48 info install n@2.1.12 into /nix/store/ajr6i77s89gjfjm59aazc16b5rvb39n7-nodejs-4.3.1/lib
49 info installOne n@2.1.12
50 verbose installOne of n to /nix/store/ajr6i77s89gjfjm59aazc16b5rvb39n7-nodejs-4.3.1/lib not in flight; installing
51 verbose makeDirectory /home/ubuntu/.npm/_locks creation not in flight; initializing
52 silly makeDirectory /home/ubuntu/.npm/_locks uid: 1000 gid: 1000
53 verbose lock using /home/ubuntu/.npm/_locks/n-cd1bf0addc1896b3.lock for /nix/store/ajr6i77s89gjfjm59aazc16b5rvb39n7-nodejs-4.3.1/lib/node_modules/n
54 silly install write writing n 2.1.12 to /nix/store/ajr6i77s89gjfjm59aazc16b5rvb39n7-nodejs-4.3.1/lib/node_modules/n
55 verbose unbuild lib/node_modules/n
56 silly gentlyRm /nix/store/ajr6i77s89gjfjm59aazc16b5rvb39n7-nodejs-4.3.1/lib/node_modules/n is being purged from base /nix/store/ajr6i77s89gjfjm59aazc16b5rvb39n7-nodejs-4.3.1
57 verbose gentlyRm don't care about contents; nuking /nix/store/ajr6i77s89gjfjm59aazc16b5rvb39n7-nodejs-4.3.1/lib/node_modules/n
58 verbose tar unpack /home/ubuntu/.npm/n/2.1.12/package.tgz
59 verbose tar unpacking to /nix/store/ajr6i77s89gjfjm59aazc16b5rvb39n7-nodejs-4.3.1/lib/node_modules/n
60 silly gentlyRm /nix/store/ajr6i77s89gjfjm59aazc16b5rvb39n7-nodejs-4.3.1/lib/node_modules/n is being purged
61 verbose gentlyRm don't care about contents; nuking /nix/store/ajr6i77s89gjfjm59aazc16b5rvb39n7-nodejs-4.3.1/lib/node_modules/n
62 silly gunzTarPerm modes [ '755', '644' ]
63 error tar.unpack untar error /home/ubuntu/.npm/n/2.1.12/package.tgz
64 verbose unlock done using /home/ubuntu/.npm/_locks/n-cd1bf0addc1896b3.lock for /nix/store/ajr6i77s89gjfjm59aazc16b5rvb39n7-nodejs-4.3.1/lib/node_modules/n
65 verbose fstream_path /nix/store/ajr6i77s89gjfjm59aazc16b5rvb39n7-nodejs-4.3.1/lib/node_modules/n
66 verbose fstream_type Directory
67 verbose fstream_class DirWriter
68 verbose stack Error: EROFS: read-only file system, mkdir '/nix/store/ajr6i77s89gjfjm59aazc16b5rvb39n7-nodejs-4.3.1/lib/node_modules/n'
68 verbose stack     at Error (native)
69 verbose fstream_stack /nix/store/ajr6i77s89gjfjm59aazc16b5rvb39n7-nodejs-4.3.1/lib/node_modules/npm/node_modules/fstream/lib/dir-writer.js:35:25
69 verbose fstream_stack /nix/store/ajr6i77s89gjfjm59aazc16b5rvb39n7-nodejs-4.3.1/lib/node_modules/npm/node_modules/mkdirp/index.js:47:53
69 verbose fstream_stack FSReqWrap.oncomplete (fs.js:82:15)
70 verbose cwd /home/ubuntu/workspace
71 error Linux 4.9.80-c9
72 error argv "/nix/store/ajr6i77s89gjfjm59aazc16b5rvb39n7-nodejs-4.3.1/bin/node" "/mnt/shared/sbin/npm" "install" "-g" "n"
73 error node v4.3.1
74 error npm  v2.14.12
75 error path /nix/store/ajr6i77s89gjfjm59aazc16b5rvb39n7-nodejs-4.3.1/lib/node_modules/n
76 error code EROFS
77 error errno -30
78 error syscall mkdir
79 error rofs EROFS: read-only file system, mkdir '/nix/store/ajr6i77s89gjfjm59aazc16b5rvb39n7-nodejs-4.3.1/lib/node_modules/n'
79 error rofs This is most likely not a problem with npm itself
79 error rofs and is related to the file system being read-only.
79 error rofs
79 error rofs Often virtualized file systems, or other file systems
79 error rofs that don't support symlinks, give this error.
80 verbose exit [ -30, true ]
81 verbose unbuild lib/node_modules/n
82 silly gentlyRm /nix/store/ajr6i77s89gjfjm59aazc16b5rvb39n7-nodejs-4.3.1/lib/node_modules/n is being purged from base /nix/store/ajr6i77s89gjfjm59aazc16b5rvb39n7-nodejs-4.3.1
83 verbose gentlyRm don't care about contents; nuking /nix/store/ajr6i77s89gjfjm59aazc16b5rvb39n7-nodejs-4.3.1/lib/node_modules/n
